<?xml version="1.0" encoding="UTF-8"?>
<robot generator="Robot 6.1.1 (Python 3.12.0 on win32)" generated="20231025 09:52:41.532" rpa="false" schemaversion="4">
<suite id="s1" name="TestSitePractice" source="C:\Users\Gabriel\Documents\projetos\SuiteSiteTestePracticePO\tests\TestSitePractice.robot">
<test id="s1-t1" name="Caso de Teste com PO 01: Remover Produtos do Carrinho" line="11">
<kw name="Abrir navegador" library="Resource" type="SETUP">
<kw name="Evaluate" library="BuiltIn">
<var>${options}</var>
<arg>sys.modules['selenium.webdriver'].ChromeOptions()</arg>
<doc>Evaluates the given expression in Python and returns the result.</doc>
<msg timestamp="20231025 09:52:41.799" level="INFO">${options} = &lt;selenium.webdriver.chrome.options.Options object at 0x0000015DD372D5E0&gt;</msg>
<status status="PASS" starttime="20231025 09:52:41.799" endtime="20231025 09:52:41.799"/>
</kw>
<kw name="Call Method" library="BuiltIn">
<arg>${options}</arg>
<arg>add_argument</arg>
<arg>--headless</arg>
<doc>Calls the named method of the given object with the provided arguments.</doc>
<status status="PASS" starttime="20231025 09:52:41.799" endtime="20231025 09:52:41.800"/>
</kw>
<kw name="Create Webdriver" library="SeleniumLibrary">
<arg>Chrome</arg>
<arg>options=${options}</arg>
<doc>Creates an instance of Selenium WebDriver.</doc>
<msg timestamp="20231025 09:52:41.800" level="INFO">Creating an instance of the Chrome WebDriver.</msg>
<status status="PASS" starttime="20231025 09:52:41.800" endtime="20231025 09:52:44.323"/>
</kw>
<status status="PASS" starttime="20231025 09:52:41.799" endtime="20231025 09:52:44.323"/>
</kw>
<kw name="Acessar a página home do site" library="Home">
<kw name="Go To" library="SeleniumLibrary">
<arg>${HOME_URL}</arg>
<doc>Navigates the current browser window to the provided ``url``.</doc>
<msg timestamp="20231025 09:52:44.324" level="INFO">Opening url 'https://automationtest.shop/'</msg>
<status status="PASS" starttime="20231025 09:52:44.324" endtime="20231025 09:52:49.507"/>
</kw>
<kw name="Wait Until Element Is Visible" library="SeleniumLibrary">
<arg>${HOME_TOPMENU}</arg>
<doc>Waits until the element ``locator`` is visible.</doc>
<status status="PASS" starttime="20231025 09:52:49.507" endtime="20231025 09:52:49.537"/>
</kw>
<kw name="Title Should Be" library="SeleniumLibrary">
<arg>${HOME_TITLE}</arg>
<doc>Verifies that the current page title equals ``title``.</doc>
<msg timestamp="20231025 09:52:49.543" level="INFO">Page title is 'My Store'.</msg>
<status status="PASS" starttime="20231025 09:52:49.537" endtime="20231025 09:52:49.543"/>
</kw>
<status status="PASS" starttime="20231025 09:52:44.324" endtime="20231025 09:52:49.543"/>
</kw>
<kw name="Adicionar o produto &quot;t-shirt&quot; no carrinho" library="Home" sourcename="Adicionar o produto &quot;${PRODUTO}&quot; no carrinho">
<kw name="Digitar o nome do produto &quot;${PRODUTO}&quot; no campo de pesquisa" library="Home" sourcename="Digitar o nome do produto &quot;${PRODUTO}&quot; no campo de pesquisa">
<kw name="Input Text" library="SeleniumLibrary">
<arg>${HOME_FIELD_PESQUISAR}</arg>
<arg>${PRODUTO}</arg>
<doc>Types the given ``text`` into the text field identified by ``locator``.</doc>
<msg timestamp="20231025 09:52:49.545" level="INFO">Typing text 't-shirt' into text field 'name=search_query'.</msg>
<status status="PASS" starttime="20231025 09:52:49.544" endtime="20231025 09:52:49.662"/>
</kw>
<status status="PASS" starttime="20231025 09:52:49.544" endtime="20231025 09:52:49.662"/>
</kw>
<kw name="Clicar no botão pesquisar" library="Home">
<kw name="Click Element" library="SeleniumLibrary">
<arg>${HOME_BTN_PESQUISAR}</arg>
<doc>Click the element identified by ``locator``.</doc>
<msg timestamp="20231025 09:52:49.663" level="INFO">Clicking element 'name=submit_search'.</msg>
<status status="PASS" starttime="20231025 09:52:49.662" endtime="20231025 09:52:50.216"/>
</kw>
<status status="PASS" starttime="20231025 09:52:49.662" endtime="20231025 09:52:50.216"/>
</kw>
<kw name="Clicar no botão &quot;Add to Cart&quot; do produto" library="Home">
<kw name="Wait Until Element Is Visible" library="SeleniumLibrary">
<arg>${HOME_PRODUCT}</arg>
<doc>Waits until the element ``locator`` is visible.</doc>
<status status="PASS" starttime="20231025 09:52:50.217" endtime="20231025 09:52:50.243"/>
</kw>
<kw name="Click Element" library="SeleniumLibrary">
<arg>${HOME_PRODUCT}</arg>
<doc>Click the element identified by ``locator``.</doc>
<msg timestamp="20231025 09:52:50.244" level="INFO">Clicking element 'xpath=//a[contains(@class,'product_img_link')]'.</msg>
<status status="PASS" starttime="20231025 09:52:50.243" endtime="20231025 09:52:50.864"/>
</kw>
<kw name="Wait Until Element Is Visible" library="SeleniumLibrary">
<arg>${HOME_BTN_ADDCART}</arg>
<doc>Waits until the element ``locator`` is visible.</doc>
<status status="PASS" starttime="20231025 09:52:50.864" endtime="20231025 09:52:50.888"/>
</kw>
<kw name="Click Button" library="SeleniumLibrary">
<arg>${HOME_BTN_ADDCART}</arg>
<doc>Clicks the button identified by ``locator``.</doc>
<msg timestamp="20231025 09:52:50.889" level="INFO">Clicking button 'xpath=//*[@id="add_to_cart"]/button'.</msg>
<status status="PASS" starttime="20231025 09:52:50.888" endtime="20231025 09:52:50.958"/>
</kw>
<status status="PASS" starttime="20231025 09:52:50.217" endtime="20231025 09:52:50.958"/>
</kw>
<kw name="Clicar no botão &quot;Proceed to checkout&quot;" library="Home">
<kw name="Wait Until Element Is Visible" library="SeleniumLibrary">
<arg>${HOME_BTN_CHECKOUT}</arg>
<doc>Waits until the element ``locator`` is visible.</doc>
<status status="PASS" starttime="20231025 09:52:50.958" endtime="20231025 09:52:51.227"/>
</kw>
<kw name="Click Element" library="SeleniumLibrary">
<arg>${HOME_BTN_CHECKOUT}</arg>
<doc>Click the element identified by ``locator``.</doc>
<msg timestamp="20231025 09:52:51.228" level="INFO">Clicking element 'xpath=//*[@id="layer_cart"]//a[@title="Proceed to checkout"]'.</msg>
<status status="PASS" starttime="20231025 09:52:51.227" endtime="20231025 09:52:51.710"/>
</kw>
<status status="PASS" starttime="20231025 09:52:50.958" endtime="20231025 09:52:51.710"/>
</kw>
<status status="PASS" starttime="20231025 09:52:49.544" endtime="20231025 09:52:51.710"/>
</kw>
<kw name="Excluir o produto do carrinho" library="Carrinho">
<kw name="Title Should Be" library="SeleniumLibrary">
<arg>${CARRINHO_TITLE}</arg>
<doc>Verifies that the current page title equals ``title``.</doc>
<msg timestamp="20231025 09:52:51.717" level="INFO">Page title is 'Order - My Store'.</msg>
<status status="PASS" starttime="20231025 09:52:51.711" endtime="20231025 09:52:51.718"/>
</kw>
<kw name="Wait Until Element Is Visible" library="SeleniumLibrary">
<arg>${CARRINHO_DELETAR}</arg>
<doc>Waits until the element ``locator`` is visible.</doc>
<status status="PASS" starttime="20231025 09:52:51.718" endtime="20231025 09:52:51.746"/>
</kw>
<kw name="Click Element" library="SeleniumLibrary">
<arg>${CARRINHO_DELETAR}</arg>
<doc>Click the element identified by ``locator``.</doc>
<msg timestamp="20231025 09:52:51.746" level="INFO">Clicking element 'xpath=//*[@class="cart_quantity_delete"]'.</msg>
<status status="PASS" starttime="20231025 09:52:51.746" endtime="20231025 09:52:51.802"/>
</kw>
<status status="PASS" starttime="20231025 09:52:51.711" endtime="20231025 09:52:51.802"/>
</kw>
<kw name="Conferir se o carrinho fica vazio" library="Carrinho">
<kw name="Wait Until Element Is Visible" library="SeleniumLibrary">
<arg>${CARRINHO_MSG}</arg>
<doc>Waits until the element ``locator`` is visible.</doc>
<status status="PASS" starttime="20231025 09:52:51.803" endtime="20231025 09:52:52.228"/>
</kw>
<kw name="Element Text Should Be" library="SeleniumLibrary">
<arg>${CARRINHO_MSG}</arg>
<arg>Your shopping cart is empty.</arg>
<doc>Verifies that element ``locator`` contains exact the text ``expected``.</doc>
<msg timestamp="20231025 09:52:52.229" level="INFO">Verifying element 'xpath=//*[@id="center_column"]/p[@class='alert alert-warning']' contains exact text 'Your shopping cart is empty.'.</msg>
<status status="PASS" starttime="20231025 09:52:52.229" endtime="20231025 09:52:52.252"/>
</kw>
<status status="PASS" starttime="20231025 09:52:51.802" endtime="20231025 09:52:52.252"/>
</kw>
<kw name="Fechar navegador" library="Resource" type="TEARDOWN">
<kw name="Capture Page Screenshot" library="SeleniumLibrary">
<doc>Takes a screenshot of the current page and embeds it into a log file.</doc>
<msg timestamp="20231025 09:52:52.319" level="INFO" html="true">&lt;/td&gt;&lt;/tr&gt;&lt;tr&gt;&lt;td colspan="3"&gt;&lt;a href="selenium-screenshot-23.png"&gt;&lt;img src="selenium-screenshot-23.png" width="800px"&gt;&lt;/a&gt;</msg>
<status status="PASS" starttime="20231025 09:52:52.254" endtime="20231025 09:52:52.319"/>
</kw>
<kw name="Close Browser" library="SeleniumLibrary">
<doc>Closes the current browser.</doc>
<status status="PASS" starttime="20231025 09:52:52.319" endtime="20231025 09:52:54.403"/>
</kw>
<status status="PASS" starttime="20231025 09:52:52.253" endtime="20231025 09:52:54.403"/>
</kw>
<tag>remover_produto</tag>
<status status="PASS" starttime="20231025 09:52:41.798" endtime="20231025 09:52:54.403"/>
</test>
<test id="s1-t2" name="Caso de Teste com PO 02: Adicionar Cliente" line="19">
<kw name="Abrir navegador" library="Resource" type="SETUP">
<kw name="Evaluate" library="BuiltIn">
<var>${options}</var>
<arg>sys.modules['selenium.webdriver'].ChromeOptions()</arg>
<doc>Evaluates the given expression in Python and returns the result.</doc>
<msg timestamp="20231025 09:52:54.407" level="INFO">${options} = &lt;selenium.webdriver.chrome.options.Options object at 0x0000015DD372EAB0&gt;</msg>
<status status="PASS" starttime="20231025 09:52:54.407" endtime="20231025 09:52:54.407"/>
</kw>
<kw name="Call Method" library="BuiltIn">
<arg>${options}</arg>
<arg>add_argument</arg>
<arg>--headless</arg>
<doc>Calls the named method of the given object with the provided arguments.</doc>
<status status="PASS" starttime="20231025 09:52:54.407" endtime="20231025 09:52:54.408"/>
</kw>
<kw name="Create Webdriver" library="SeleniumLibrary">
<arg>Chrome</arg>
<arg>options=${options}</arg>
<doc>Creates an instance of Selenium WebDriver.</doc>
<msg timestamp="20231025 09:52:54.408" level="INFO">Creating an instance of the Chrome WebDriver.</msg>
<status status="PASS" starttime="20231025 09:52:54.408" endtime="20231025 09:52:55.939"/>
</kw>
<status status="PASS" starttime="20231025 09:52:54.407" endtime="20231025 09:52:55.939"/>
</kw>
<kw name="Acessar a página home do site" library="Home">
<kw name="Go To" library="SeleniumLibrary">
<arg>${HOME_URL}</arg>
<doc>Navigates the current browser window to the provided ``url``.</doc>
<msg timestamp="20231025 09:52:55.940" level="INFO">Opening url 'https://automationtest.shop/'</msg>
<status status="PASS" starttime="20231025 09:52:55.940" endtime="20231025 09:52:57.748"/>
</kw>
<kw name="Wait Until Element Is Visible" library="SeleniumLibrary">
<arg>${HOME_TOPMENU}</arg>
<doc>Waits until the element ``locator`` is visible.</doc>
<status status="PASS" starttime="20231025 09:52:57.748" endtime="20231025 09:52:57.776"/>
</kw>
<kw name="Title Should Be" library="SeleniumLibrary">
<arg>${HOME_TITLE}</arg>
<doc>Verifies that the current page title equals ``title``.</doc>
<msg timestamp="20231025 09:52:57.782" level="INFO">Page title is 'My Store'.</msg>
<status status="PASS" starttime="20231025 09:52:57.776" endtime="20231025 09:52:57.782"/>
</kw>
<status status="PASS" starttime="20231025 09:52:55.940" endtime="20231025 09:52:57.782"/>
</kw>
<kw name="Clicar em &quot;Sign in&quot;" library="Home">
<kw name="Wait Until Element Is Visible" library="SeleniumLibrary">
<arg>${SIGN}</arg>
<doc>Waits until the element ``locator`` is visible.</doc>
<status status="PASS" starttime="20231025 09:52:57.783" endtime="20231025 09:52:57.811"/>
</kw>
<kw name="Click Element" library="SeleniumLibrary">
<arg>${SIGN}</arg>
<doc>Click the element identified by ``locator``.</doc>
<msg timestamp="20231025 09:52:57.812" level="INFO">Clicking element '//a[@class='login'][contains(.,'Sign in')]'.</msg>
<status status="PASS" starttime="20231025 09:52:57.811" endtime="20231025 09:52:58.491"/>
</kw>
<status status="PASS" starttime="20231025 09:52:57.783" endtime="20231025 09:52:58.491"/>
</kw>
<kw name="Informar um e-mail válido" library="Login">
<kw name="Generate Random String" library="String">
<var>${EMAIL}</var>
<arg>length=8</arg>
<arg>chars=[LETTERS]</arg>
<doc>Generates a string with a desired ``length`` from the given ``chars``.</doc>
<msg timestamp="20231025 09:52:58.493" level="INFO">${EMAIL} = qxMlKvwk</msg>
<status status="PASS" starttime="20231025 09:52:58.493" endtime="20231025 09:52:58.493"/>
</kw>
<kw name="Convert To Lower Case" library="String">
<var>${EMAIL}</var>
<arg>${EMAIL}</arg>
<doc>Converts string to lower case.</doc>
<msg timestamp="20231025 09:52:58.493" level="INFO">${EMAIL} = qxmlkvwk</msg>
<status status="PASS" starttime="20231025 09:52:58.493" endtime="20231025 09:52:58.493"/>
</kw>
<kw name="Set Test Variable" library="BuiltIn">
<arg>${EMAIL_VALIDO}</arg>
<arg>${EMAIL}@emailteste.com</arg>
<doc>Makes a variable available everywhere within the scope of the current test.</doc>
<msg timestamp="20231025 09:52:58.495" level="INFO">${EMAIL_VALIDO} = qxmlkvwk@emailteste.com</msg>
<status status="PASS" starttime="20231025 09:52:58.493" endtime="20231025 09:52:58.495"/>
</kw>
<kw name="Title Should Be" library="SeleniumLibrary">
<arg>${LOGIN_TITLE}</arg>
<doc>Verifies that the current page title equals ``title``.</doc>
<msg timestamp="20231025 09:52:58.501" level="INFO">Page title is 'Login - My Store'.</msg>
<status status="PASS" starttime="20231025 09:52:58.495" endtime="20231025 09:52:58.501"/>
</kw>
<kw name="Wait Until Element Is Visible" library="SeleniumLibrary">
<arg>${EMAIL_ADDRESS}</arg>
<doc>Waits until the element ``locator`` is visible.</doc>
<status status="PASS" starttime="20231025 09:52:58.501" endtime="20231025 09:52:58.525"/>
</kw>
<kw name="Input Text" library="SeleniumLibrary">
<arg>${EMAIL_ADDRESS}</arg>
<arg>${EMAIL_VALIDO}</arg>
<doc>Types the given ``text`` into the text field identified by ``locator``.</doc>
<msg timestamp="20231025 09:52:58.525" level="INFO">Typing text 'qxmlkvwk@emailteste.com' into text field '//input[@type='email'][contains(@id,'create')]'.</msg>
<status status="PASS" starttime="20231025 09:52:58.525" endtime="20231025 09:52:58.642"/>
</kw>
<status status="PASS" starttime="20231025 09:52:58.492" endtime="20231025 09:52:58.643"/>
</kw>
<kw name="Clicar em &quot;Create an account&quot;" library="Login">
<kw name="Click Element" library="SeleniumLibrary">
<arg>${BTN_CREATE}</arg>
<doc>Click the element identified by ``locator``.</doc>
<msg timestamp="20231025 09:52:58.644" level="INFO">Clicking element '//span[contains(.,'Create an account')]'.</msg>
<status status="PASS" starttime="20231025 09:52:58.643" endtime="20231025 09:52:58.706"/>
</kw>
<status status="PASS" starttime="20231025 09:52:58.643" endtime="20231025 09:52:58.706"/>
</kw>
<kw name="Preencher os dados obrigatórios" library="Login">
<kw name="Generate Random String" library="String">
<var>${PRIMEIRO_NOME}</var>
<arg>length=8</arg>
<arg>chars=[LETTERS]</arg>
<doc>Generates a string with a desired ``length`` from the given ``chars``.</doc>
<msg timestamp="20231025 09:52:58.708" level="INFO">${PRIMEIRO_NOME} = gUGDuJxq</msg>
<status status="PASS" starttime="20231025 09:52:58.707" endtime="20231025 09:52:58.708"/>
</kw>
<kw name="Generate Random String" library="String">
<var>${SEGUNDO_NOME}</var>
<arg>length=8</arg>
<arg>chars=[LETTERS]</arg>
<doc>Generates a string with a desired ``length`` from the given ``chars``.</doc>
<msg timestamp="20231025 09:52:58.708" level="INFO">${SEGUNDO_NOME} = kjgJIKWP</msg>
<status status="PASS" starttime="20231025 09:52:58.708" endtime="20231025 09:52:58.708"/>
</kw>
<kw name="Generate Random String" library="String">
<var>${SENHA}</var>
<arg>length=5</arg>
<arg>chars=[NUMBERS]</arg>
<doc>Generates a string with a desired ``length`` from the given ``chars``.</doc>
<msg timestamp="20231025 09:52:58.708" level="INFO">${SENHA} = 81428</msg>
<status status="PASS" starttime="20231025 09:52:58.708" endtime="20231025 09:52:58.708"/>
</kw>
<kw name="Generate Random String" library="String">
<var>${CIA}</var>
<arg>length=8</arg>
<arg>chars=[LETTERS]</arg>
<doc>Generates a string with a desired ``length`` from the given ``chars``.</doc>
<msg timestamp="20231025 09:52:58.708" level="INFO">${CIA} = vxfmuwdl</msg>
<status status="PASS" starttime="20231025 09:52:58.708" endtime="20231025 09:52:58.708"/>
</kw>
<kw name="Wait Until Page Contains" library="SeleniumLibrary">
<arg>${PERSONAL_INFO}</arg>
<doc>Waits until ``text`` appears on the current page.</doc>
<status status="PASS" starttime="20231025 09:52:58.709" endtime="20231025 09:52:59.574"/>
</kw>
<kw name="Input Text" library="SeleniumLibrary">
<arg>${FIRST_NAME}</arg>
<arg>${PRIMEIRO_NOME}</arg>
<doc>Types the given ``text`` into the text field identified by ``locator``.</doc>
<msg timestamp="20231025 09:52:59.575" level="INFO">Typing text 'gUGDuJxq' into text field '//input[contains(@name,'customer_firstname')]'.</msg>
<status status="PASS" starttime="20231025 09:52:59.574" endtime="20231025 09:52:59.667"/>
</kw>
<kw name="Input Text" library="SeleniumLibrary">
<arg>${LAST_NAME}</arg>
<arg>${SEGUNDO_NOME}</arg>
<doc>Types the given ``text`` into the text field identified by ``locator``.</doc>
<msg timestamp="20231025 09:52:59.667" level="INFO">Typing text 'kjgJIKWP' into text field '//input[contains(@name,'customer_lastname')]'.</msg>
<status status="PASS" starttime="20231025 09:52:59.667" endtime="20231025 09:52:59.769"/>
</kw>
<kw name="Input Text" library="SeleniumLibrary">
<arg>${FIELD_PASSWORD}</arg>
<arg>${SENHA}</arg>
<doc>Types the given ``text`` into the text field identified by ``locator``.</doc>
<msg timestamp="20231025 09:52:59.770" level="INFO">Typing text '81428' into text field '//input[contains(@type,'password')]'.</msg>
<status status="PASS" starttime="20231025 09:52:59.769" endtime="20231025 09:52:59.868"/>
</kw>
<kw name="Press Keys" library="SeleniumLibrary">
<arg>${FIELD_EMAIL}</arg>
<arg>TAB</arg>
<doc>Simulates the user pressing key(s) to an element or on the active browser.</doc>
<msg timestamp="20231025 09:52:59.869" level="INFO">Sending key(s) ('TAB',) to //input[contains(@type,'email')] element.</msg>
<msg timestamp="20231025 09:53:00.184" level="INFO">Pressing special key TAB to element.</msg>
<msg timestamp="20231025 09:53:00.184" level="INFO">Releasing special key TAB.</msg>
<status status="PASS" starttime="20231025 09:52:59.869" endtime="20231025 09:53:00.197"/>
</kw>
<kw name="Input Text" library="SeleniumLibrary">
<arg>${ADDRESS_FIRST}</arg>
<arg>${PRIMEIRO_NOME}</arg>
<doc>Types the given ``text`` into the text field identified by ``locator``.</doc>
<msg timestamp="20231025 09:53:00.198" level="INFO">Typing text 'gUGDuJxq' into text field '//input[@name='firstname']'.</msg>
<status status="PASS" starttime="20231025 09:53:00.197" endtime="20231025 09:53:00.302"/>
</kw>
<kw name="Input Text" library="SeleniumLibrary">
<arg>${ADDRESS_LAST}</arg>
<arg>${SEGUNDO_NOME}</arg>
<doc>Types the given ``text`` into the text field identified by ``locator``.</doc>
<msg timestamp="20231025 09:53:00.303" level="INFO">Typing text 'kjgJIKWP' into text field '//input[@name='lastname']'.</msg>
<status status="PASS" starttime="20231025 09:53:00.302" endtime="20231025 09:53:00.402"/>
</kw>
<kw name="Input Text" library="SeleniumLibrary">
<arg>${ADDRESS_COMPANY}</arg>
<arg>${CIA}</arg>
<doc>Types the given ``text`` into the text field identified by ``locator``.</doc>
<msg timestamp="20231025 09:53:00.402" level="INFO">Typing text 'vxfmuwdl' into text field '//input[contains(@name,'company')]'.</msg>
<status status="PASS" starttime="20231025 09:53:00.402" endtime="20231025 09:53:00.494"/>
</kw>
<kw name="Input Text" library="SeleniumLibrary">
<arg>${ADDRESS}</arg>
<arg>Street xxxxx</arg>
<doc>Types the given ``text`` into the text field identified by ``locator``.</doc>
<msg timestamp="20231025 09:53:00.495" level="INFO">Typing text 'Street xxxxx' into text field '//input[contains(@name,'address1')]'.</msg>
<status status="PASS" starttime="20231025 09:53:00.494" endtime="20231025 09:53:00.587"/>
</kw>
<kw name="Input Text" library="SeleniumLibrary">
<arg>${ADDRESS2}</arg>
<arg>Apartment 202xxxxx</arg>
<doc>Types the given ``text`` into the text field identified by ``locator``.</doc>
<msg timestamp="20231025 09:53:00.588" level="INFO">Typing text 'Apartment 202xxxxx' into text field '//input[contains(@name,'address2')]'.</msg>
<status status="PASS" starttime="20231025 09:53:00.588" endtime="20231025 09:53:00.687"/>
</kw>
<kw name="Input Text" library="SeleniumLibrary">
<arg>${ADDRESS_CITY}</arg>
<arg>Florianopolis</arg>
<doc>Types the given ``text`` into the text field identified by ``locator``.</doc>
<msg timestamp="20231025 09:53:00.688" level="INFO">Typing text 'Florianopolis' into text field '//input[contains(@name,'city')]'.</msg>
<status status="PASS" starttime="20231025 09:53:00.688" endtime="20231025 09:53:00.783"/>
</kw>
<kw name="Select From List By Value" library="SeleniumLibrary">
<arg>${ADDRESS_STATE}</arg>
<arg>1</arg>
<doc>Selects options from selection list ``locator`` by ``values``.</doc>
<msg timestamp="20231025 09:53:00.783" level="INFO">Selecting options from selection list '//select[@name='id_state'][contains(@id,'state')]' by value 1.</msg>
<status status="PASS" starttime="20231025 09:53:00.783" endtime="20231025 09:53:00.872"/>
</kw>
<kw name="Input Text" library="SeleniumLibrary">
<arg>${ADDRESS_ZIP}</arg>
<arg>00001</arg>
<doc>Types the given ``text`` into the text field identified by ``locator``.</doc>
<msg timestamp="20231025 09:53:00.873" level="INFO">Typing text '00001' into text field '//input[contains(@class,'validate form-control uniform-input text')]'.</msg>
<status status="PASS" starttime="20231025 09:53:00.872" endtime="20231025 09:53:00.972"/>
</kw>
<kw name="Input Text" library="SeleniumLibrary">
<arg>${ADDRESS_PHONE}</arg>
<arg>123456</arg>
<doc>Types the given ``text`` into the text field identified by ``locator``.</doc>
<msg timestamp="20231025 09:53:00.973" level="INFO">Typing text '123456' into text field '//input[@name='phone']'.</msg>
<status status="PASS" starttime="20231025 09:53:00.972" endtime="20231025 09:53:01.058"/>
</kw>
<kw name="Input Text" library="SeleniumLibrary">
<arg>${ADDRESS_MOBILE}</arg>
<arg>987654</arg>
<doc>Types the given ``text`` into the text field identified by ``locator``.</doc>
<msg timestamp="20231025 09:53:01.059" level="INFO">Typing text '987654' into text field '//input[@name='phone_mobile']'.</msg>
<status status="PASS" starttime="20231025 09:53:01.058" endtime="20231025 09:53:01.147"/>
</kw>
<status status="PASS" starttime="20231025 09:52:58.707" endtime="20231025 09:53:01.148"/>
</kw>
<kw name="Submeter cadastro" library="Login">
<kw name="Click Element" library="SeleniumLibrary">
<arg>${BTN_REGISTER}</arg>
<doc>Click the element identified by ``locator``.</doc>
<msg timestamp="20231025 09:53:01.149" level="INFO">Clicking element '//span[contains(.,'Register')]'.</msg>
<status status="PASS" starttime="20231025 09:53:01.148" endtime="20231025 09:53:01.934"/>
</kw>
<status status="PASS" starttime="20231025 09:53:01.148" endtime="20231025 09:53:01.934"/>
</kw>
<kw name="Conferir se o cadastro foi efetuado com sucesso" library="Account">
<kw name="Title Should Be" library="SeleniumLibrary">
<arg>${ACCOUNT_TITLE}</arg>
<doc>Verifies that the current page title equals ``title``.</doc>
<msg timestamp="20231025 09:53:01.942" level="INFO">Page title is 'My account - My Store'.</msg>
<status status="PASS" starttime="20231025 09:53:01.935" endtime="20231025 09:53:01.942"/>
</kw>
<kw name="Wait Until Element Is Visible" library="SeleniumLibrary">
<arg>${BTN_ORDER}</arg>
<doc>Waits until the element ``locator`` is visible.</doc>
<status status="PASS" starttime="20231025 09:53:01.942" endtime="20231025 09:53:01.974"/>
</kw>
<status status="PASS" starttime="20231025 09:53:01.935" endtime="20231025 09:53:01.974"/>
</kw>
<kw name="Fechar navegador" library="Resource" type="TEARDOWN">
<kw name="Capture Page Screenshot" library="SeleniumLibrary">
<doc>Takes a screenshot of the current page and embeds it into a log file.</doc>
<msg timestamp="20231025 09:53:02.038" level="INFO" html="true">&lt;/td&gt;&lt;/tr&gt;&lt;tr&gt;&lt;td colspan="3"&gt;&lt;a href="selenium-screenshot-24.png"&gt;&lt;img src="selenium-screenshot-24.png" width="800px"&gt;&lt;/a&gt;</msg>
<status status="PASS" starttime="20231025 09:53:01.975" endtime="20231025 09:53:02.038"/>
</kw>
<kw name="Close Browser" library="SeleniumLibrary">
<doc>Closes the current browser.</doc>
<status status="PASS" starttime="20231025 09:53:02.038" endtime="20231025 09:53:04.095"/>
</kw>
<status status="PASS" starttime="20231025 09:53:01.975" endtime="20231025 09:53:04.095"/>
</kw>
<tag>criar_conta</tag>
<status status="PASS" starttime="20231025 09:52:54.405" endtime="20231025 09:53:04.097"/>
</test>
<status status="PASS" starttime="20231025 09:52:41.533" endtime="20231025 09:53:04.099"/>
</suite>
<statistics>
<total>
<stat pass="2" fail="0" skip="0">All Tests</stat>
</total>
<tag>
<stat pass="1" fail="0" skip="0">criar_conta</stat>
<stat pass="1" fail="0" skip="0">remover_produto</stat>
</tag>
<suite>
<stat pass="2" fail="0" skip="0" id="s1" name="TestSitePractice">TestSitePractice</stat>
</suite>
</statistics>
<errors>
</errors>
</robot>
